<?xml version="1.0" encoding="UTF-8"?>
<testsuite xmlns:xsi="http://www.w3.org/2001/XMLSchema-instance" xsi:noNamespaceSchemaLocation="https://maven.apache.org/surefire/maven-surefire-plugin/xsd/surefire-test-report.xsd" version="3.0.2" name="com.flash.editorimagem.UsuarioControllerIntegrationTest" time="6.927" tests="2" errors="0" skipped="0" failures="0">
  <properties>
[...]
</properties>
  <testcase name="deveFazerLoginComUsuarioValido" classname="com.flash.editorimagem.UsuarioControllerIntegrationTest" time="3.117">
    <system-out><![CDATA[22:36:52.778 [main] INFO org.springframework.test.context.support.AnnotationConfigContextLoaderUtils -- Could not detect default configuration classes for test class [com.flash.editorimagem.UsuarioControllerIntegrationTest]: UsuarioControllerIntegrationTest does not declare any static, non-private, non-final, nested classes annotated with @Configuration.
22:36:52.916 [main] INFO org.springframework.boot.test.context.SpringBootTestContextBootstrapper -- Found @SpringBootConfiguration com.flash.editorimagem.EditorimagemApplication for test class com.flash.editorimagem.UsuarioControllerIntegrationTest
22:36:53.418 [main] INFO org.springframework.boot.devtools.restart.RestartApplicationListener -- Restart disabled due to context in which it is running

  .   ____          _            __ _ _
 /\\ / ___'_ __ _ _(_)_ __  __ _ \ \ \ \
( ( )\___ | '_ | '_| | '_ \/ _` | \ \ \ \
 \\/  ___)| |_)| | | | | || (_| |  ) ) ) )
  '  |____| .__|_| |_|_| |_\__, | / / / /
 =========|_|==============|___/=/_/_/_/

 :: Spring Boot ::       (v3.5.0-SNAPSHOT)

2025-07-03T22:36:53.935-03:00  INFO 27248 --- [           main] c.f.e.UsuarioControllerIntegrationTest   : Starting UsuarioControllerIntegrationTest using Java 22.0.2 with PID 27248 (started by Pedro Haupt in C:\Users\Pedro Haupt\Documents\Flash\editorimagem\Flash-1)
2025-07-03T22:36:53.936-03:00  INFO 27248 --- [           main] c.f.e.UsuarioControllerIntegrationTest   : No active profile set, falling back to 1 default profile: "default"
2025-07-03T22:36:55.417-03:00  INFO 27248 --- [           main] o.s.b.w.embedded.tomcat.TomcatWebServer  : Tomcat initialized with port 0 (http)
2025-07-03T22:36:55.436-03:00  INFO 27248 --- [           main] o.apache.catalina.core.StandardService   : Starting service [Tomcat]
2025-07-03T22:36:55.437-03:00  INFO 27248 --- [           main] o.apache.catalina.core.StandardEngine    : Starting Servlet engine: [Apache Tomcat/10.1.41]
2025-07-03T22:36:55.499-03:00  INFO 27248 --- [           main] o.a.c.c.C.[Tomcat].[localhost].[/]       : Initializing Spring embedded WebApplicationContext
2025-07-03T22:36:55.502-03:00  INFO 27248 --- [           main] w.s.c.ServletWebServerApplicationContext : Root WebApplicationContext: initialization completed in 1538 ms
2025-07-03T22:36:55.726-03:00  INFO 27248 --- [           main] o.s.b.a.w.s.WelcomePageHandlerMapping    : Adding welcome page: class path resource [static/index.html]
2025-07-03T22:36:56.237-03:00  INFO 27248 --- [           main] o.s.b.w.embedded.tomcat.TomcatWebServer  : Tomcat started on port 65189 (http) with context path '/'
2025-07-03T22:36:56.246-03:00  INFO 27248 --- [           main] c.f.e.UsuarioControllerIntegrationTest   : Started UsuarioControllerIntegrationTest in 2.841 seconds (process running for 4.371)
2025-07-03T22:36:57.261-03:00  INFO 27248 --- [o-auto-1-exec-1] o.a.c.c.C.[Tomcat].[localhost].[/]       : Initializing Spring DispatcherServlet 'dispatcherServlet'
2025-07-03T22:36:57.262-03:00  INFO 27248 --- [o-auto-1-exec-1] o.s.web.servlet.DispatcherServlet        : Initializing Servlet 'dispatcherServlet'
2025-07-03T22:36:57.262-03:00  INFO 27248 --- [o-auto-1-exec-1] o.s.web.servlet.DispatcherServlet        : Completed initialization in 0 ms
2025-07-03T22:36:57.397-03:00  INFO 27248 --- [o-auto-1-exec-1] com.zaxxer.hikari.HikariDataSource       : HikariPool-1 - Starting...
2025-07-03T22:36:58.939-03:00  INFO 27248 --- [o-auto-1-exec-1] com.zaxxer.hikari.pool.HikariPool        : HikariPool-1 - Added connection com.mysql.cj.jdbc.ConnectionImpl@78cc8f03
2025-07-03T22:36:58.944-03:00  INFO 27248 --- [o-auto-1-exec-1] com.zaxxer.hikari.HikariDataSource       : HikariPool-1 - Start completed.
]]></system-out>
    <system-err><![CDATA[Mockito is currently self-attaching to enable the inline-mock-maker. This will no longer work in future releases of the JDK. Please add Mockito as an agent to your build as described in Mockito's documentation: https://javadoc.io/doc/org.mockito/mockito-core/latest/org.mockito/org/mockito/Mockito.html#0.3
WARNING: A Java agent has been loaded dynamically (C:\Users\Pedro Haupt\.m2\repository\net\bytebuddy\byte-buddy-agent\1.17.5\byte-buddy-agent-1.17.5.jar)
WARNING: If a serviceability tool is in use, please run with -XX:+EnableDynamicAgentLoading to hide this warning
WARNING: If a serviceability tool is not in use, please run with -Djdk.instrument.traceUsage for more information
WARNING: Dynamic loading of agents will be disallowed by default in a future release
]]></system-err>
  </testcase>
  <testcase name="deveAdicionarUsuarioComSucesso" classname="com.flash.editorimagem.UsuarioControllerIntegrationTest" time="0.17"/>
</testsuite>